[27-Feb-2025 01:07:32 UTC] PHP Fatal error:  Uncaught Error: Call to undefined function getheader() in /Users/enzieriddle/Local Sites/basictemp/app/public/wp-content/themes/basictemp/index.php:1
Stack trace:
#0 /Users/enzieriddle/Local Sites/basictemp/app/public/wp-includes/template-loader.php(106): include()
#1 /Users/enzieriddle/Local Sites/basictemp/app/public/wp-blog-header.php(19): require_once('/Users/enzierid...')
#2 /Users/enzieriddle/Local Sites/basictemp/app/public/index.php(17): require('/Users/enzierid...')
#3 {main}
  thrown in /Users/enzieriddle/Local Sites/basictemp/app/public/wp-content/themes/basictemp/index.php on line 1
[27-Feb-2025 01:13:07 UTC] PHP Fatal error:  Uncaught Error: Call to undefined function getfooter() in /Users/enzieriddle/Local Sites/basictemp/app/public/wp-content/themes/basictemp/index.php:18
Stack trace:
#0 /Users/enzieriddle/Local Sites/basictemp/app/public/wp-includes/template-loader.php(106): include()
#1 /Users/enzieriddle/Local Sites/basictemp/app/public/wp-blog-header.php(19): require_once('/Users/enzierid...')
#2 /Users/enzieriddle/Local Sites/basictemp/app/public/index.php(17): require('/Users/enzierid...')
#3 {main}
  thrown in /Users/enzieriddle/Local Sites/basictemp/app/public/wp-content/themes/basictemp/index.php on line 18
[27-Feb-2025 01:14:45 UTC] PHP Fatal error:  Uncaught Error: Undefined constant "‘ABSPATH’" in /Users/enzieriddle/Local Sites/basictemp/app/public/wp-content/themes/basictemp/index.php:1
Stack trace:
#0 /Users/enzieriddle/Local Sites/basictemp/app/public/wp-includes/template-loader.php(106): include()
#1 /Users/enzieriddle/Local Sites/basictemp/app/public/wp-blog-header.php(19): require_once('/Users/enzierid...')
#2 /Users/enzieriddle/Local Sites/basictemp/app/public/index.php(17): require('/Users/enzierid...')
#3 {main}
  thrown in /Users/enzieriddle/Local Sites/basictemp/app/public/wp-content/themes/basictemp/index.php on line 1
[27-Feb-2025 01:14:45 UTC] PHP Fatal error:  Uncaught Error: Undefined constant "‘ABSPATH’" in /Users/enzieriddle/Local Sites/basictemp/app/public/wp-content/themes/basictemp/index.php:1
Stack trace:
#0 /Users/enzieriddle/Local Sites/basictemp/app/public/wp-includes/template-loader.php(106): include()
#1 /Users/enzieriddle/Local Sites/basictemp/app/public/wp-blog-header.php(19): require_once('/Users/enzierid...')
#2 /Users/enzieriddle/Local Sites/basictemp/app/public/index.php(17): require('/Users/enzierid...')
#3 {main}
  thrown in /Users/enzieriddle/Local Sites/basictemp/app/public/wp-content/themes/basictemp/index.php on line 1
[27-Feb-2025 01:21:47 UTC] PHP Fatal error:  Uncaught Error: Undefined constant "‘ABSPATH’" in /Users/enzieriddle/Local Sites/basictemp/app/public/wp-content/themes/basictemp/index.php:1
Stack trace:
#0 /Users/enzieriddle/Local Sites/basictemp/app/public/wp-includes/template-loader.php(106): include()
#1 /Users/enzieriddle/Local Sites/basictemp/app/public/wp-blog-header.php(19): require_once('/Users/enzierid...')
#2 /Users/enzieriddle/Local Sites/basictemp/app/public/index.php(17): require('/Users/enzierid...')
#3 {main}
  thrown in /Users/enzieriddle/Local Sites/basictemp/app/public/wp-content/themes/basictemp/index.php on line 1
[27-Feb-2025 01:21:54 UTC] PHP Fatal error:  Uncaught Error: Call to undefined function getheader() in /Users/enzieriddle/Local Sites/basictemp/app/public/wp-content/themes/basictemp/index.php:1
Stack trace:
#0 /Users/enzieriddle/Local Sites/basictemp/app/public/wp-includes/template-loader.php(106): include()
#1 /Users/enzieriddle/Local Sites/basictemp/app/public/wp-blog-header.php(19): require_once('/Users/enzierid...')
#2 /Users/enzieriddle/Local Sites/basictemp/app/public/index.php(17): require('/Users/enzierid...')
#3 {main}
  thrown in /Users/enzieriddle/Local Sites/basictemp/app/public/wp-content/themes/basictemp/index.php on line 1
[27-Feb-2025 01:21:54 UTC] PHP Fatal error:  Uncaught Error: Call to undefined function getheader() in /Users/enzieriddle/Local Sites/basictemp/app/public/wp-content/themes/basictemp/index.php:1
Stack trace:
#0 /Users/enzieriddle/Local Sites/basictemp/app/public/wp-includes/template-loader.php(106): include()
#1 /Users/enzieriddle/Local Sites/basictemp/app/public/wp-blog-header.php(19): require_once('/Users/enzierid...')
#2 /Users/enzieriddle/Local Sites/basictemp/app/public/index.php(17): require('/Users/enzierid...')
#3 {main}
  thrown in /Users/enzieriddle/Local Sites/basictemp/app/public/wp-content/themes/basictemp/index.php on line 1
[27-Feb-2025 01:32:41 UTC] PHP Fatal error:  Uncaught Error: Call to undefined function getheader() in /Users/enzieriddle/Local Sites/basictemp/app/public/wp-content/themes/basictemp/index.php:1
Stack trace:
#0 /Users/enzieriddle/Local Sites/basictemp/app/public/wp-includes/template-loader.php(106): include()
#1 /Users/enzieriddle/Local Sites/basictemp/app/public/wp-blog-header.php(19): require_once('/Users/enzierid...')
#2 /Users/enzieriddle/Local Sites/basictemp/app/public/index.php(17): require('/Users/enzierid...')
#3 {main}
  thrown in /Users/enzieriddle/Local Sites/basictemp/app/public/wp-content/themes/basictemp/index.php on line 1
[27-Feb-2025 01:32:50 UTC] PHP Fatal error:  Uncaught Error: Call to undefined function getheader() in /Users/enzieriddle/Local Sites/basictemp/app/public/wp-content/themes/basictemp/index.php:1
Stack trace:
#0 /Users/enzieriddle/Local Sites/basictemp/app/public/wp-includes/template-loader.php(106): include()
#1 /Users/enzieriddle/Local Sites/basictemp/app/public/wp-blog-header.php(19): require_once('/Users/enzierid...')
#2 /Users/enzieriddle/Local Sites/basictemp/app/public/index.php(17): require('/Users/enzierid...')
#3 {main}
  thrown in /Users/enzieriddle/Local Sites/basictemp/app/public/wp-content/themes/basictemp/index.php on line 1
[27-Feb-2025 01:33:45 UTC] PHP Fatal error:  Uncaught Error: Call to undefined function getheader() in /Users/enzieriddle/Local Sites/basictemp/app/public/wp-content/themes/basictemp/index.php:1
Stack trace:
#0 /Users/enzieriddle/Local Sites/basictemp/app/public/wp-includes/template-loader.php(106): include()
#1 /Users/enzieriddle/Local Sites/basictemp/app/public/wp-blog-header.php(19): require_once('/Users/enzierid...')
#2 /Users/enzieriddle/Local Sites/basictemp/app/public/index.php(17): require('/Users/enzierid...')
#3 {main}
  thrown in /Users/enzieriddle/Local Sites/basictemp/app/public/wp-content/themes/basictemp/index.php on line 1
[27-Feb-2025 01:33:45 UTC] PHP Fatal error:  Uncaught Error: Call to undefined function getheader() in /Users/enzieriddle/Local Sites/basictemp/app/public/wp-content/themes/basictemp/index.php:1
Stack trace:
#0 /Users/enzieriddle/Local Sites/basictemp/app/public/wp-includes/template-loader.php(106): include()
#1 /Users/enzieriddle/Local Sites/basictemp/app/public/wp-blog-header.php(19): require_once('/Users/enzierid...')
#2 /Users/enzieriddle/Local Sites/basictemp/app/public/index.php(17): require('/Users/enzierid...')
#3 {main}
  thrown in /Users/enzieriddle/Local Sites/basictemp/app/public/wp-content/themes/basictemp/index.php on line 1
[27-Feb-2025 01:33:46 UTC] PHP Fatal error:  Uncaught Error: Call to undefined function getheader() in /Users/enzieriddle/Local Sites/basictemp/app/public/wp-content/themes/basictemp/index.php:1
Stack trace:
#0 /Users/enzieriddle/Local Sites/basictemp/app/public/wp-includes/template-loader.php(106): include()
#1 /Users/enzieriddle/Local Sites/basictemp/app/public/wp-blog-header.php(19): require_once('/Users/enzierid...')
#2 /Users/enzieriddle/Local Sites/basictemp/app/public/index.php(17): require('/Users/enzierid...')
#3 {main}
  thrown in /Users/enzieriddle/Local Sites/basictemp/app/public/wp-content/themes/basictemp/index.php on line 1
[27-Feb-2025 01:33:47 UTC] PHP Fatal error:  Uncaught Error: Call to undefined function getheader() in /Users/enzieriddle/Local Sites/basictemp/app/public/wp-content/themes/basictemp/index.php:1
Stack trace:
#0 /Users/enzieriddle/Local Sites/basictemp/app/public/wp-includes/template-loader.php(106): include()
#1 /Users/enzieriddle/Local Sites/basictemp/app/public/wp-blog-header.php(19): require_once('/Users/enzierid...')
#2 /Users/enzieriddle/Local Sites/basictemp/app/public/index.php(17): require('/Users/enzierid...')
#3 {main}
  thrown in /Users/enzieriddle/Local Sites/basictemp/app/public/wp-content/themes/basictemp/index.php on line 1
[27-Feb-2025 01:34:08 UTC] PHP Fatal error:  Uncaught Error: Call to undefined function getheader() in /Users/enzieriddle/Local Sites/basictemp/app/public/wp-content/themes/basictemp/index.php:1
Stack trace:
#0 /Users/enzieriddle/Local Sites/basictemp/app/public/wp-includes/template-loader.php(106): include()
#1 /Users/enzieriddle/Local Sites/basictemp/app/public/wp-blog-header.php(19): require_once('/Users/enzierid...')
#2 /Users/enzieriddle/Local Sites/basictemp/app/public/index.php(17): require('/Users/enzierid...')
#3 {main}
  thrown in /Users/enzieriddle/Local Sites/basictemp/app/public/wp-content/themes/basictemp/index.php on line 1
[27-Feb-2025 01:34:50 UTC] PHP Fatal error:  Uncaught Error: Call to undefined function getheader() in /Users/enzieriddle/Local Sites/basictemp/app/public/wp-content/themes/basictemp/index.php:1
Stack trace:
#0 /Users/enzieriddle/Local Sites/basictemp/app/public/wp-includes/template-loader.php(106): include()
#1 /Users/enzieriddle/Local Sites/basictemp/app/public/wp-blog-header.php(19): require_once('/Users/enzierid...')
#2 /Users/enzieriddle/Local Sites/basictemp/app/public/index.php(17): require('/Users/enzierid...')
#3 {main}
  thrown in /Users/enzieriddle/Local Sites/basictemp/app/public/wp-content/themes/basictemp/index.php on line 1
[27-Feb-2025 01:36:42 UTC] PHP Fatal error:  Uncaught Error: Call to undefined function getheader() in /Users/enzieriddle/Local Sites/basictemp/app/public/wp-content/themes/basictemp/index.php:1
Stack trace:
#0 /Users/enzieriddle/Local Sites/basictemp/app/public/wp-includes/template-loader.php(106): include()
#1 /Users/enzieriddle/Local Sites/basictemp/app/public/wp-blog-header.php(19): require_once('/Users/enzierid...')
#2 /Users/enzieriddle/Local Sites/basictemp/app/public/index.php(17): require('/Users/enzierid...')
#3 {main}
  thrown in /Users/enzieriddle/Local Sites/basictemp/app/public/wp-content/themes/basictemp/index.php on line 1
[27-Feb-2025 01:36:43 UTC] PHP Fatal error:  Uncaught Error: Call to undefined function getheader() in /Users/enzieriddle/Local Sites/basictemp/app/public/wp-content/themes/basictemp/index.php:1
Stack trace:
#0 /Users/enzieriddle/Local Sites/basictemp/app/public/wp-includes/template-loader.php(106): include()
#1 /Users/enzieriddle/Local Sites/basictemp/app/public/wp-blog-header.php(19): require_once('/Users/enzierid...')
#2 /Users/enzieriddle/Local Sites/basictemp/app/public/index.php(17): require('/Users/enzierid...')
#3 {main}
  thrown in /Users/enzieriddle/Local Sites/basictemp/app/public/wp-content/themes/basictemp/index.php on line 1
[27-Feb-2025 01:36:44 UTC] PHP Fatal error:  Uncaught Error: Call to undefined function getheader() in /Users/enzieriddle/Local Sites/basictemp/app/public/wp-content/themes/basictemp/index.php:1
Stack trace:
#0 /Users/enzieriddle/Local Sites/basictemp/app/public/wp-includes/template-loader.php(106): include()
#1 /Users/enzieriddle/Local Sites/basictemp/app/public/wp-blog-header.php(19): require_once('/Users/enzierid...')
#2 /Users/enzieriddle/Local Sites/basictemp/app/public/index.php(17): require('/Users/enzierid...')
#3 {main}
  thrown in /Users/enzieriddle/Local Sites/basictemp/app/public/wp-content/themes/basictemp/index.php on line 1
[27-Feb-2025 01:36:56 UTC] PHP Fatal error:  Uncaught Error: Call to undefined function getheader() in /Users/enzieriddle/Local Sites/basictemp/app/public/wp-content/themes/basictemp/index.php:1
Stack trace:
#0 /Users/enzieriddle/Local Sites/basictemp/app/public/wp-includes/template-loader.php(106): include()
#1 /Users/enzieriddle/Local Sites/basictemp/app/public/wp-blog-header.php(19): require_once('/Users/enzierid...')
#2 /Users/enzieriddle/Local Sites/basictemp/app/public/index.php(17): require('/Users/enzierid...')
#3 {main}
  thrown in /Users/enzieriddle/Local Sites/basictemp/app/public/wp-content/themes/basictemp/index.php on line 1
[27-Feb-2025 01:40:56 UTC] PHP Fatal error:  Uncaught Error: Call to undefined function getheader() in /Users/enzieriddle/Local Sites/basictemp/app/public/wp-content/themes/basictemp/index.php:1
Stack trace:
#0 /Users/enzieriddle/Local Sites/basictemp/app/public/wp-includes/template-loader.php(106): include()
#1 /Users/enzieriddle/Local Sites/basictemp/app/public/wp-blog-header.php(19): require_once('/Users/enzierid...')
#2 /Users/enzieriddle/Local Sites/basictemp/app/public/index.php(17): require('/Users/enzierid...')
#3 {main}
  thrown in /Users/enzieriddle/Local Sites/basictemp/app/public/wp-content/themes/basictemp/index.php on line 1
[27-Feb-2025 04:41:49 UTC] PHP Warning:  mysqli_real_connect(): (HY000/2002): No such file or directory in /Users/enzieriddle/Local Sites/basictemp/app/public/wp-includes/class-wpdb.php on line 1982
[27-Feb-2025 04:42:23 UTC] PHP Fatal error:  Uncaught Error: Call to undefined function getheader() in /Users/enzieriddle/Local Sites/basictemp/app/public/wp-content/themes/basictemp/index.php:1
Stack trace:
#0 /Users/enzieriddle/Local Sites/basictemp/app/public/wp-includes/template-loader.php(106): include()
#1 /Users/enzieriddle/Local Sites/basictemp/app/public/wp-blog-header.php(19): require_once('/Users/enzierid...')
#2 /Users/enzieriddle/Local Sites/basictemp/app/public/index.php(17): require('/Users/enzierid...')
#3 {main}
  thrown in /Users/enzieriddle/Local Sites/basictemp/app/public/wp-content/themes/basictemp/index.php on line 1
[27-Feb-2025 05:44:20 UTC] PHP Fatal error:  Uncaught Error: Call to undefined function getheader() in /Users/enzieriddle/Local Sites/basictemp/app/public/wp-content/themes/basictemp/index.php:1
Stack trace:
#0 /Users/enzieriddle/Local Sites/basictemp/app/public/wp-includes/template-loader.php(106): include()
#1 /Users/enzieriddle/Local Sites/basictemp/app/public/wp-blog-header.php(19): require_once('/Users/enzierid...')
#2 /Users/enzieriddle/Local Sites/basictemp/app/public/index.php(17): require('/Users/enzierid...')
#3 {main}
  thrown in /Users/enzieriddle/Local Sites/basictemp/app/public/wp-content/themes/basictemp/index.php on line 1
[27-Feb-2025 05:44:20 UTC] Automatic updates starting...
[27-Feb-2025 05:44:20 UTC] Automatic updates complete.
[27-Feb-2025 05:44:21 UTC] PHP Fatal error:  Uncaught Error: Call to undefined function getheader() in /Users/enzieriddle/Local Sites/basictemp/app/public/wp-content/themes/basictemp/index.php:1
Stack trace:
#0 /Users/enzieriddle/Local Sites/basictemp/app/public/wp-includes/template-loader.php(106): include()
#1 /Users/enzieriddle/Local Sites/basictemp/app/public/wp-blog-header.php(19): require_once('/Users/enzierid...')
#2 /Users/enzieriddle/Local Sites/basictemp/app/public/index.php(17): require('/Users/enzierid...')
#3 {main}
  thrown in /Users/enzieriddle/Local Sites/basictemp/app/public/wp-content/themes/basictemp/index.php on line 1
[27-Feb-2025 05:45:31 UTC] PHP Fatal error:  Uncaught Error: Call to undefined function getheader() in /Users/enzieriddle/Local Sites/basictemp/app/public/wp-content/themes/basictemp/index.php:1
Stack trace:
#0 /Users/enzieriddle/Local Sites/basictemp/app/public/wp-includes/template-loader.php(106): include()
#1 /Users/enzieriddle/Local Sites/basictemp/app/public/wp-blog-header.php(19): require_once('/Users/enzierid...')
#2 /Users/enzieriddle/Local Sites/basictemp/app/public/index.php(17): require('/Users/enzierid...')
#3 {main}
  thrown in /Users/enzieriddle/Local Sites/basictemp/app/public/wp-content/themes/basictemp/index.php on line 1
[27-Feb-2025 05:48:19 UTC] PHP Fatal error:  Uncaught Error: Call to undefined function getheader() in /Users/enzieriddle/Local Sites/basictemp/app/public/wp-content/themes/basictemp/index.php:1
Stack trace:
#0 /Users/enzieriddle/Local Sites/basictemp/app/public/wp-includes/template-loader.php(106): include()
#1 /Users/enzieriddle/Local Sites/basictemp/app/public/wp-blog-header.php(19): require_once('/Users/enzierid...')
#2 /Users/enzieriddle/Local Sites/basictemp/app/public/index.php(17): require('/Users/enzierid...')
#3 {main}
  thrown in /Users/enzieriddle/Local Sites/basictemp/app/public/wp-content/themes/basictemp/index.php on line 1
[27-Feb-2025 18:22:26 UTC] PHP Warning:  mysqli_real_connect(): (HY000/2002): No such file or directory in /Users/enzieriddle/Local Sites/basictemp/app/public/wp-includes/class-wpdb.php on line 1982
[27-Feb-2025 18:22:27 UTC] PHP Warning:  mysqli_real_connect(): (HY000/2002): No such file or directory in /Users/enzieriddle/Local Sites/basictemp/app/public/wp-includes/class-wpdb.php on line 1982
[27-Feb-2025 18:22:27 UTC] PHP Warning:  mysqli_real_connect(): (HY000/2002): No such file or directory in /Users/enzieriddle/Local Sites/basictemp/app/public/wp-includes/class-wpdb.php on line 1982
[27-Feb-2025 18:22:31 UTC] Automatic updates starting...
[27-Feb-2025 18:22:31 UTC] Automatic updates complete.
[27-Feb-2025 19:20:22 UTC] PHP Fatal error:  Uncaught Error: Call to undefined function getheader() in /Users/enzieriddle/Local Sites/basictemp/app/public/wp-content/themes/basictemp/index.php:1
Stack trace:
#0 /Users/enzieriddle/Local Sites/basictemp/app/public/wp-includes/template-loader.php(106): include()
#1 /Users/enzieriddle/Local Sites/basictemp/app/public/wp-blog-header.php(19): require_once('/Users/enzierid...')
#2 /Users/enzieriddle/Local Sites/basictemp/app/public/index.php(17): require('/Users/enzierid...')
#3 {main}
  thrown in /Users/enzieriddle/Local Sites/basictemp/app/public/wp-content/themes/basictemp/index.php on line 1
[27-Feb-2025 19:36:35 UTC] PHP Warning:  Attempt to read property "title" on null in /Users/enzieriddle/Local Sites/basictemp/app/public/wp-includes/class-wp-customize-widgets.php on line 923
[27-Feb-2025 19:36:36 UTC] PHP Fatal error:  Uncaught Error: Call to undefined function getheader() in /Users/enzieriddle/Local Sites/basictemp/app/public/wp-content/themes/basictemp/index.php:1
Stack trace:
#0 /Users/enzieriddle/Local Sites/basictemp/app/public/wp-includes/template-loader.php(106): include()
#1 /Users/enzieriddle/Local Sites/basictemp/app/public/wp-blog-header.php(19): require_once('/Users/enzierid...')
#2 /Users/enzieriddle/Local Sites/basictemp/app/public/index.php(17): require('/Users/enzierid...')
#3 {main}
  thrown in /Users/enzieriddle/Local Sites/basictemp/app/public/wp-content/themes/basictemp/index.php on line 1
[28-Feb-2025 00:34:56 UTC] PHP Fatal error:  Uncaught Error: Call to undefined function getheader() in /Users/enzieriddle/Local Sites/basictemp/app/public/wp-content/themes/basictemp/page-home.php:1
Stack trace:
#0 /Users/enzieriddle/Local Sites/basictemp/app/public/wp-includes/template-loader.php(106): include()
#1 /Users/enzieriddle/Local Sites/basictemp/app/public/wp-blog-header.php(19): require_once('/Users/enzierid...')
#2 /Users/enzieriddle/Local Sites/basictemp/app/public/index.php(17): require('/Users/enzierid...')
#3 {main}
  thrown in /Users/enzieriddle/Local Sites/basictemp/app/public/wp-content/themes/basictemp/page-home.php on line 1
[28-Feb-2025 00:34:59 UTC] PHP Fatal error:  Uncaught Error: Call to undefined function getheader() in /Users/enzieriddle/Local Sites/basictemp/app/public/wp-content/themes/basictemp/page-home.php:1
Stack trace:
#0 /Users/enzieriddle/Local Sites/basictemp/app/public/wp-includes/template-loader.php(106): include()
#1 /Users/enzieriddle/Local Sites/basictemp/app/public/wp-blog-header.php(19): require_once('/Users/enzierid...')
#2 /Users/enzieriddle/Local Sites/basictemp/app/public/index.php(17): require('/Users/enzierid...')
#3 {main}
  thrown in /Users/enzieriddle/Local Sites/basictemp/app/public/wp-content/themes/basictemp/page-home.php on line 1
[28-Feb-2025 00:35:08 UTC] PHP Fatal error:  Uncaught Error: Call to undefined function getheader() in /Users/enzieriddle/Local Sites/basictemp/app/public/wp-content/themes/basictemp/page-home.php:1
Stack trace:
#0 /Users/enzieriddle/Local Sites/basictemp/app/public/wp-includes/template-loader.php(106): include()
#1 /Users/enzieriddle/Local Sites/basictemp/app/public/wp-blog-header.php(19): require_once('/Users/enzierid...')
#2 /Users/enzieriddle/Local Sites/basictemp/app/public/index.php(17): require('/Users/enzierid...')
#3 {main}
  thrown in /Users/enzieriddle/Local Sites/basictemp/app/public/wp-content/themes/basictemp/page-home.php on line 1
[28-Feb-2025 00:36:26 UTC] PHP Fatal error:  Uncaught Error: Call to undefined function getheader() in /Users/enzieriddle/Local Sites/basictemp/app/public/wp-content/themes/basictemp/general-template.php:7
Stack trace:
#0 /Users/enzieriddle/Local Sites/basictemp/app/public/wp-includes/template-loader.php(106): include()
#1 /Users/enzieriddle/Local Sites/basictemp/app/public/wp-blog-header.php(19): require_once('/Users/enzierid...')
#2 /Users/enzieriddle/Local Sites/basictemp/app/public/index.php(17): require('/Users/enzierid...')
#3 {main}
  thrown in /Users/enzieriddle/Local Sites/basictemp/app/public/wp-content/themes/basictemp/general-template.php on line 7
[28-Feb-2025 00:49:19 UTC] PHP Parse error:  syntax error, unexpected token "{", expecting "(" in /Users/enzieriddle/Local Sites/basictemp/app/public/wp-content/themes/basictemp/functions.php on line 13
[28-Feb-2025 00:49:19 UTC] PHP Notice:  Function _load_textdomain_just_in_time was called <strong>incorrectly</strong>. Translation loading for the <code>basictemp</code> domain was triggered too early. This is usually an indicator for some code in the plugin or theme running too early. Translations should be loaded at the <code>init</code> action or later. Please see <a href="https://developer.wordpress.org/advanced-administration/debug/debug-wordpress/">Debugging in WordPress</a> for more information. (This message was added in version 6.7.0.) in /Users/enzieriddle/Local Sites/basictemp/app/public/wp-includes/functions.php on line 6114
[28-Feb-2025 00:49:19 UTC] PHP Warning:  Trying to access array offset on value of type bool in /Users/enzieriddle/Local Sites/basictemp/app/public/wp-includes/class-wp-recovery-mode-email-service.php on line 367
[28-Feb-2025 00:49:19 UTC] PHP Warning:  Trying to access array offset on value of type bool in /Users/enzieriddle/Local Sites/basictemp/app/public/wp-includes/class-wp-recovery-mode-email-service.php on line 368
[28-Feb-2025 00:49:19 UTC] PHP Parse error:  syntax error, unexpected token "{", expecting "(" in /Users/enzieriddle/Local Sites/basictemp/app/public/wp-content/themes/basictemp/functions.php on line 13
[28-Feb-2025 00:49:54 UTC] PHP Parse error:  syntax error, unexpected token "}" in /Users/enzieriddle/Local Sites/basictemp/app/public/wp-content/themes/basictemp/functions.php on line 26
[28-Feb-2025 00:49:54 UTC] PHP Parse error:  syntax error, unexpected token "}" in /Users/enzieriddle/Local Sites/basictemp/app/public/wp-content/themes/basictemp/functions.php on line 26
[28-Feb-2025 00:50:12 UTC] PHP Warning:  Attempt to read property "title" on null in /Users/enzieriddle/Local Sites/basictemp/app/public/wp-includes/class-wp-customize-widgets.php on line 923
[28-Feb-2025 04:32:39 UTC] PHP Warning:  mysqli_real_connect(): (HY000/2002): No such file or directory in /Users/enzieriddle/Local Sites/basictemp/app/public/wp-includes/class-wpdb.php on line 1982
[28-Feb-2025 04:32:50 UTC] PHP Warning:  Attempt to read property "title" on null in /Users/enzieriddle/Local Sites/basictemp/app/public/wp-includes/class-wp-customize-widgets.php on line 923
[28-Feb-2025 04:54:39 UTC] Automatic updates starting...
[28-Feb-2025 04:54:39 UTC] Automatic updates complete.
[28-Feb-2025 05:15:06 UTC] PHP Parse error:  syntax error, unexpected token "}" in /Users/enzieriddle/Local Sites/basictemp/app/public/wp-content/themes/basictemp/functions.php on line 27
[28-Feb-2025 05:15:08 UTC] PHP Parse error:  syntax error, unexpected token "}" in /Users/enzieriddle/Local Sites/basictemp/app/public/wp-content/themes/basictemp/functions.php on line 27
[28-Feb-2025 05:15:13 UTC] PHP Parse error:  syntax error, unexpected token "}" in /Users/enzieriddle/Local Sites/basictemp/app/public/wp-content/themes/basictemp/functions.php on line 27
[28-Feb-2025 05:15:13 UTC] PHP Parse error:  syntax error, unexpected token "}" in /Users/enzieriddle/Local Sites/basictemp/app/public/wp-content/themes/basictemp/functions.php on line 27
[28-Feb-2025 05:15:13 UTC] PHP Parse error:  syntax error, unexpected token "}" in /Users/enzieriddle/Local Sites/basictemp/app/public/wp-content/themes/basictemp/functions.php on line 27
[28-Feb-2025 05:34:46 UTC] PHP Warning:  Attempt to read property "title" on null in /Users/enzieriddle/Local Sites/basictemp/app/public/wp-includes/class-wp-customize-widgets.php on line 923
[28-Feb-2025 05:36:45 UTC] PHP Warning:  Attempt to read property "title" on null in /Users/enzieriddle/Local Sites/basictemp/app/public/wp-includes/class-wp-customize-widgets.php on line 923
[28-Feb-2025 05:39:29 UTC] PHP Warning:  Attempt to read property "title" on null in /Users/enzieriddle/Local Sites/basictemp/app/public/wp-includes/class-wp-customize-widgets.php on line 923
[28-Feb-2025 05:42:41 UTC] PHP Warning:  Attempt to read property "title" on null in /Users/enzieriddle/Local Sites/basictemp/app/public/wp-includes/class-wp-customize-widgets.php on line 923
[28-Feb-2025 05:51:44 UTC] PHP Warning:  Attempt to read property "title" on null in /Users/enzieriddle/Local Sites/basictemp/app/public/wp-includes/class-wp-customize-widgets.php on line 923
[28-Feb-2025 05:54:20 UTC] PHP Warning:  Attempt to read property "title" on null in /Users/enzieriddle/Local Sites/basictemp/app/public/wp-includes/class-wp-customize-widgets.php on line 923
[28-Feb-2025 05:59:02 UTC] PHP Warning:  Attempt to read property "title" on null in /Users/enzieriddle/Local Sites/basictemp/app/public/wp-includes/class-wp-customize-widgets.php on line 923
[02-Mar-2025 00:56:09 UTC] PHP Warning:  mysqli_real_connect(): (HY000/2002): No such file or directory in /Users/enzieriddle/Local Sites/basictemp/app/public/wp-includes/class-wpdb.php on line 1982
[02-Mar-2025 00:56:12 UTC] PHP Warning:  mysqli_real_connect(): (HY000/2002): No such file or directory in /Users/enzieriddle/Local Sites/basictemp/app/public/wp-includes/class-wpdb.php on line 1982
[02-Mar-2025 00:56:12 UTC] PHP Warning:  mysqli_real_connect(): (HY000/2002): No such file or directory in /Users/enzieriddle/Local Sites/basictemp/app/public/wp-includes/class-wpdb.php on line 1982
[02-Mar-2025 00:56:14 UTC] PHP Parse error:  syntax error, unexpected single-quoted string "before_widget", expecting ")" in /Users/enzieriddle/Local Sites/basictemp/app/public/wp-content/themes/basictemp/functions.php on line 43
[02-Mar-2025 00:56:33 UTC] PHP Parse error:  syntax error, unexpected single-quoted string "before_widget", expecting ")" in /Users/enzieriddle/Local Sites/basictemp/app/public/wp-content/themes/basictemp/functions.php on line 43
[02-Mar-2025 00:56:33 UTC] PHP Notice:  Function _load_textdomain_just_in_time was called <strong>incorrectly</strong>. Translation loading for the <code>basictemp</code> domain was triggered too early. This is usually an indicator for some code in the plugin or theme running too early. Translations should be loaded at the <code>init</code> action or later. Please see <a href="https://developer.wordpress.org/advanced-administration/debug/debug-wordpress/">Debugging in WordPress</a> for more information. (This message was added in version 6.7.0.) in /Users/enzieriddle/Local Sites/basictemp/app/public/wp-includes/functions.php on line 6114
[02-Mar-2025 00:56:33 UTC] PHP Warning:  Trying to access array offset on value of type bool in /Users/enzieriddle/Local Sites/basictemp/app/public/wp-includes/class-wp-recovery-mode-email-service.php on line 367
[02-Mar-2025 00:56:33 UTC] PHP Warning:  Trying to access array offset on value of type bool in /Users/enzieriddle/Local Sites/basictemp/app/public/wp-includes/class-wp-recovery-mode-email-service.php on line 368
[02-Mar-2025 00:56:47 UTC] PHP Parse error:  syntax error, unexpected single-quoted string "before_title", expecting ")" in /Users/enzieriddle/Local Sites/basictemp/app/public/wp-content/themes/basictemp/functions.php on line 45
[02-Mar-2025 00:56:47 UTC] PHP Parse error:  syntax error, unexpected single-quoted string "before_title", expecting ")" in /Users/enzieriddle/Local Sites/basictemp/app/public/wp-content/themes/basictemp/functions.php on line 45
[02-Mar-2025 00:57:17 UTC] Automatic updates starting...
[02-Mar-2025 00:57:17 UTC] Automatic updates complete.
[02-Mar-2025 07:00:22 UTC] PHP Warning:  mysqli_real_connect(): (HY000/2002): No such file or directory in /Users/enzieriddle/Local Sites/basictemp/app/public/wp-includes/class-wpdb.php on line 1982
[02-Mar-2025 07:00:23 UTC] PHP Warning:  mysqli_real_connect(): (HY000/2002): No such file or directory in /Users/enzieriddle/Local Sites/basictemp/app/public/wp-includes/class-wpdb.php on line 1982
[02-Mar-2025 07:00:23 UTC] PHP Warning:  mysqli_real_connect(): (HY000/2002): No such file or directory in /Users/enzieriddle/Local Sites/basictemp/app/public/wp-includes/class-wpdb.php on line 1982
[02-Mar-2025 07:00:27 UTC] Automatic updates starting...
[02-Mar-2025 07:00:29 UTC] Automatic updates complete.
[02-Mar-2025 07:31:03 UTC] PHP Parse error:  syntax error, unexpected token "}" in /Users/enzieriddle/Local Sites/basictemp/app/public/wp-content/themes/basictemp/page-home.php on line 16
[02-Mar-2025 07:31:28 UTC] PHP Fatal error:  Uncaught Error: Undefined constant "services" in /Users/enzieriddle/Local Sites/basictemp/app/public/wp-content/themes/basictemp/page-home.php:15
Stack trace:
#0 /Users/enzieriddle/Local Sites/basictemp/app/public/wp-includes/template-loader.php(106): include()
#1 /Users/enzieriddle/Local Sites/basictemp/app/public/wp-blog-header.php(19): require_once('/Users/enzierid...')
#2 /Users/enzieriddle/Local Sites/basictemp/app/public/index.php(17): require('/Users/enzierid...')
#3 {main}
  thrown in /Users/enzieriddle/Local Sites/basictemp/app/public/wp-content/themes/basictemp/page-home.php on line 15
[04-Mar-2025 00:43:13 UTC] PHP Warning:  mysqli_real_connect(): (HY000/2002): No such file or directory in /Users/enzieriddle/Local Sites/basictemp/app/public/wp-includes/class-wpdb.php on line 1982
[04-Mar-2025 00:43:14 UTC] PHP Warning:  mysqli_real_connect(): (HY000/2002): No such file or directory in /Users/enzieriddle/Local Sites/basictemp/app/public/wp-includes/class-wpdb.php on line 1982
[04-Mar-2025 00:43:15 UTC] PHP Warning:  mysqli_real_connect(): (HY000/2002): No such file or directory in /Users/enzieriddle/Local Sites/basictemp/app/public/wp-includes/class-wpdb.php on line 1982
[04-Mar-2025 00:43:18 UTC] Automatic updates starting...
[04-Mar-2025 00:43:18 UTC] Automatic updates complete.
[04-Mar-2025 02:00:24 UTC] PHP Parse error:  syntax error, unexpected token "endwhile" in /Users/enzieriddle/Local Sites/basictemp/app/public/wp-content/themes/basictemp/single.php on line 25
[04-Mar-2025 02:00:50 UTC] PHP Parse error:  syntax error, unexpected token "endwhile", expecting end of file in /Users/enzieriddle/Local Sites/basictemp/app/public/wp-content/themes/basictemp/single.php on line 26
[04-Mar-2025 02:01:02 UTC] PHP Parse error:  syntax error, unexpected token "endwhile", expecting end of file in /Users/enzieriddle/Local Sites/basictemp/app/public/wp-content/themes/basictemp/single.php on line 26
[04-Mar-2025 02:01:03 UTC] PHP Parse error:  syntax error, unexpected token "endwhile", expecting end of file in /Users/enzieriddle/Local Sites/basictemp/app/public/wp-content/themes/basictemp/single.php on line 26
[04-Mar-2025 02:01:03 UTC] PHP Parse error:  syntax error, unexpected token "endwhile", expecting end of file in /Users/enzieriddle/Local Sites/basictemp/app/public/wp-content/themes/basictemp/single.php on line 26
[04-Mar-2025 02:01:04 UTC] PHP Parse error:  syntax error, unexpected token "endwhile", expecting end of file in /Users/enzieriddle/Local Sites/basictemp/app/public/wp-content/themes/basictemp/single.php on line 26
[04-Mar-2025 02:01:04 UTC] PHP Parse error:  syntax error, unexpected token "endwhile", expecting end of file in /Users/enzieriddle/Local Sites/basictemp/app/public/wp-content/themes/basictemp/single.php on line 26
[04-Mar-2025 04:55:17 UTC] PHP Warning:  mysqli_real_connect(): (HY000/2002): No such file or directory in /Users/enzieriddle/Local Sites/basictemp/app/public/wp-includes/class-wpdb.php on line 1982
[04-Mar-2025 04:55:19 UTC] PHP Warning:  mysqli_real_connect(): (HY000/2002): No such file or directory in /Users/enzieriddle/Local Sites/basictemp/app/public/wp-includes/class-wpdb.php on line 1982
[04-Mar-2025 04:55:19 UTC] PHP Warning:  mysqli_real_connect(): (HY000/2002): No such file or directory in /Users/enzieriddle/Local Sites/basictemp/app/public/wp-includes/class-wpdb.php on line 1982
[04-Mar-2025 04:55:22 UTC] Automatic updates starting...
[04-Mar-2025 04:55:22 UTC] Automatic updates complete.
[04-Mar-2025 05:48:10 UTC] Cron unschedule event error for hook: do_pings, Error code: could_not_set, Error message: The cron event list could not be saved., Data: {"schedule":false,"args":[]}
[04-Mar-2025 07:41:01 UTC] PHP Parse error:  syntax error, unexpected token "}" in /Users/enzieriddle/Local Sites/basictemp/app/public/wp-content/themes/basictemp/index.php on line 15
[04-Mar-2025 21:30:10 UTC] PHP Warning:  mysqli_real_connect(): (HY000/2002): No such file or directory in /Users/enzieriddle/Local Sites/basictemp/app/public/wp-includes/class-wpdb.php on line 1982
[04-Mar-2025 21:30:12 UTC] PHP Warning:  mysqli_real_connect(): (HY000/2002): No such file or directory in /Users/enzieriddle/Local Sites/basictemp/app/public/wp-includes/class-wpdb.php on line 1982
[04-Mar-2025 21:30:12 UTC] PHP Warning:  mysqli_real_connect(): (HY000/2002): No such file or directory in /Users/enzieriddle/Local Sites/basictemp/app/public/wp-includes/class-wpdb.php on line 1982
[04-Mar-2025 21:30:14 UTC] PHP Parse error:  syntax error, unexpected token ";", expecting ")" in /Users/enzieriddle/Local Sites/basictemp/app/public/wp-content/themes/basictemp/functions.php on line 36
[04-Mar-2025 21:31:22 UTC] Automatic updates starting...
[04-Mar-2025 21:31:23 UTC] Automatic updates complete.
